[2024-11-24T16:33:45.507+0100][0.009s] CardTable entry size: 512
[2024-11-24T16:33:45.508+0100][0.009s] Using G1
[2024-11-24T16:33:45.559+0100][0.061s] Version: 21.0.5+11-Ubuntu-1ubuntu124.04 (release)
[2024-11-24T16:33:45.560+0100][0.061s] CPUs: 20 total, 20 available
[2024-11-24T16:33:45.560+0100][0.061s] Memory: 15660M
[2024-11-24T16:33:45.560+0100][0.061s] Large Page Support: Disabled
[2024-11-24T16:33:45.560+0100][0.061s] NUMA Support: Disabled
[2024-11-24T16:33:45.560+0100][0.061s] Compressed Oops: Enabled (32-bit)
[2024-11-24T16:33:45.560+0100][0.061s] Heap Region Size: 1M
[2024-11-24T16:33:45.560+0100][0.061s] Heap Min Capacity: 512M
[2024-11-24T16:33:45.560+0100][0.061s] Heap Initial Capacity: 512M
[2024-11-24T16:33:45.560+0100][0.061s] Heap Max Capacity: 512M
[2024-11-24T16:33:45.560+0100][0.061s] Pre-touch: Enabled
[2024-11-24T16:33:45.560+0100][0.061s] Parallel Workers: 15
[2024-11-24T16:33:45.560+0100][0.061s] Concurrent Workers: 4
[2024-11-24T16:33:45.560+0100][0.061s] Concurrent Refinement Workers: 15
[2024-11-24T16:33:45.560+0100][0.061s] Periodic GC: Disabled
[2024-11-24T16:33:45.569+0100][0.070s] CDS archive(s) mapped at: [0x000075c8ef000000-0x000075c8efc97000-0x000075c8efc97000), size 13201408, SharedBaseAddress: 0x000075c8ef000000, ArchiveRelocationMode: 1.
[2024-11-24T16:33:45.569+0100][0.070s] Compressed class space mapped at: 0x000075c8f0000000-0x000075c930000000, reserved size: 1073741824
[2024-11-24T16:33:45.569+0100][0.070s] Narrow klass base: 0x000075c8ef000000, Narrow klass shift: 0, Narrow klass range: 0x100000000
[2024-11-24T16:33:46.342+0100][0.843s] GC(0) Pause Young (Normal) (G1 Evacuation Pause)
[2024-11-24T16:33:46.342+0100][0.843s] GC(0) Using 12 workers of 15 for evacuation
[2024-11-24T16:33:46.347+0100][0.849s] GC(0)   Pre Evacuate Collection Set: 0.7ms
[2024-11-24T16:33:46.347+0100][0.849s] GC(0)   Merge Heap Roots: 0.1ms
[2024-11-24T16:33:46.347+0100][0.849s] GC(0)   Evacuate Collection Set: 3.6ms
[2024-11-24T16:33:46.347+0100][0.849s] GC(0)   Post Evacuate Collection Set: 0.9ms
[2024-11-24T16:33:46.347+0100][0.849s] GC(0)   Other: 0.1ms
[2024-11-24T16:33:46.347+0100][0.849s] GC(0) Eden regions: 29->0(53)
[2024-11-24T16:33:46.347+0100][0.849s] GC(0) Survivor regions: 0->4(4)
[2024-11-24T16:33:46.347+0100][0.849s] GC(0) Old regions: 2->2
[2024-11-24T16:33:46.347+0100][0.849s] GC(0) Humongous regions: 0->0
[2024-11-24T16:33:46.347+0100][0.849s] GC(0) Metaspace: 7997K(8192K)->7997K(8192K) NonClass: 7101K(7232K)->7101K(7232K) Class: 896K(960K)->896K(960K)
[2024-11-24T16:33:46.347+0100][0.849s] GC(0) Pause Young (Normal) (G1 Evacuation Pause) 30M->4M(512M) 5.834ms
[2024-11-24T16:33:46.347+0100][0.849s] GC(0) User=0.04s Sys=0.00s Real=0.01s
[2024-11-24T16:33:47.324+0100][1.825s] GC(1) Pause Young (Normal) (G1 Evacuation Pause)
[2024-11-24T16:33:47.324+0100][1.825s] GC(1) Using 15 workers of 15 for evacuation
[2024-11-24T16:33:47.333+0100][1.835s] GC(1)   Pre Evacuate Collection Set: 0.4ms
[2024-11-24T16:33:47.333+0100][1.835s] GC(1)   Merge Heap Roots: 0.2ms
[2024-11-24T16:33:47.333+0100][1.835s] GC(1)   Evacuate Collection Set: 7.4ms
[2024-11-24T16:33:47.333+0100][1.835s] GC(1)   Post Evacuate Collection Set: 0.8ms
[2024-11-24T16:33:47.333+0100][1.835s] GC(1)   Other: 0.1ms
[2024-11-24T16:33:47.333+0100][1.835s] GC(1) Eden regions: 53->0(299)
[2024-11-24T16:33:47.333+0100][1.835s] GC(1) Survivor regions: 4->8(8)
[2024-11-24T16:33:47.333+0100][1.835s] GC(1) Old regions: 2->9
[2024-11-24T16:33:47.333+0100][1.835s] GC(1) Humongous regions: 4->4
[2024-11-24T16:33:47.333+0100][1.835s] GC(1) Metaspace: 20027K(20416K)->20027K(20416K) NonClass: 17786K(17984K)->17786K(17984K) Class: 2240K(2432K)->2240K(2432K)
[2024-11-24T16:33:47.333+0100][1.835s] GC(1) Pause Young (Normal) (G1 Evacuation Pause) 61M->19M(512M) 9.335ms
[2024-11-24T16:33:47.333+0100][1.835s] GC(1) User=0.11s Sys=0.01s Real=0.01s
[2024-11-24T16:33:47.646+0100][2.148s] GC(2) Pause Young (Concurrent Start) (Metadata GC Threshold)
[2024-11-24T16:33:47.646+0100][2.148s] GC(2) Using 15 workers of 15 for evacuation
[2024-11-24T16:33:47.652+0100][2.154s] GC(2)   Pre Evacuate Collection Set: 0.5ms
[2024-11-24T16:33:47.652+0100][2.154s] GC(2)   Merge Heap Roots: 0.2ms
[2024-11-24T16:33:47.652+0100][2.154s] GC(2)   Evacuate Collection Set: 4.1ms
[2024-11-24T16:33:47.652+0100][2.154s] GC(2)   Post Evacuate Collection Set: 1.0ms
[2024-11-24T16:33:47.652+0100][2.154s] GC(2)   Other: 0.2ms
[2024-11-24T16:33:47.652+0100][2.154s] GC(2) Eden regions: 66->0(294)
[2024-11-24T16:33:47.652+0100][2.154s] GC(2) Survivor regions: 8->13(39)
[2024-11-24T16:33:47.652+0100][2.154s] GC(2) Old regions: 9->9
[2024-11-24T16:33:47.652+0100][2.154s] GC(2) Humongous regions: 4->4
[2024-11-24T16:33:47.653+0100][2.154s] GC(2) Metaspace: 21090K(21504K)->21090K(21504K) NonClass: 18741K(18944K)->18741K(18944K) Class: 2349K(2560K)->2349K(2560K)
[2024-11-24T16:33:47.653+0100][2.154s] GC(2) Pause Young (Concurrent Start) (Metadata GC Threshold) 85M->24M(512M) 6.274ms
[2024-11-24T16:33:47.653+0100][2.154s] GC(2) User=0.07s Sys=0.00s Real=0.00s
[2024-11-24T16:33:47.653+0100][2.154s] GC(3) Concurrent Mark Cycle
[2024-11-24T16:33:47.653+0100][2.154s] GC(3) Concurrent Scan Root Regions
[2024-11-24T16:33:47.656+0100][2.158s] GC(3) Concurrent Scan Root Regions 3.686ms
[2024-11-24T16:33:47.656+0100][2.158s] GC(3) Concurrent Mark
[2024-11-24T16:33:47.656+0100][2.158s] GC(3) Concurrent Mark From Roots
[2024-11-24T16:33:47.656+0100][2.158s] GC(3) Using 4 workers of 4 for marking
[2024-11-24T16:33:47.664+0100][2.166s] GC(3) Concurrent Mark From Roots 7.666ms
[2024-11-24T16:33:47.664+0100][2.166s] GC(3) Concurrent Preclean
[2024-11-24T16:33:47.664+0100][2.166s] GC(3) Concurrent Preclean 0.080ms
[2024-11-24T16:33:47.664+0100][2.166s] GC(3) Pause Remark
[2024-11-24T16:33:47.668+0100][2.169s] GC(3) Pause Remark 25M->25M(512M) 3.278ms
[2024-11-24T16:33:47.668+0100][2.169s] GC(3) User=0.02s Sys=0.01s Real=0.01s
[2024-11-24T16:33:47.668+0100][2.169s] GC(3) Concurrent Mark 11.467ms
[2024-11-24T16:33:47.668+0100][2.169s] GC(3) Concurrent Rebuild Remembered Sets and Scrub Regions
[2024-11-24T16:33:47.672+0100][2.173s] GC(3) Concurrent Rebuild Remembered Sets and Scrub Regions 3.557ms
[2024-11-24T16:33:47.672+0100][2.173s] GC(3) Pause Cleanup
[2024-11-24T16:33:47.672+0100][2.174s] GC(3) Pause Cleanup 25M->25M(512M) 0.234ms
[2024-11-24T16:33:47.672+0100][2.174s] GC(3) User=0.01s Sys=0.00s Real=0.00s
[2024-11-24T16:33:47.672+0100][2.174s] GC(3) Concurrent Clear Claimed Marks
[2024-11-24T16:33:47.672+0100][2.174s] GC(3) Concurrent Clear Claimed Marks 0.053ms
[2024-11-24T16:33:47.672+0100][2.174s] GC(3) Concurrent Cleanup for Next Mark
[2024-11-24T16:33:47.673+0100][2.174s] GC(3) Concurrent Cleanup for Next Mark 0.543ms
[2024-11-24T16:33:47.673+0100][2.174s] GC(3) Concurrent Mark Cycle 20.209ms
[2024-11-24T16:33:48.739+0100][3.240s] GC(4) Pause Young (Prepare Mixed) (Metadata GC Threshold)
[2024-11-24T16:33:48.739+0100][3.240s] GC(4) Using 15 workers of 15 for evacuation
[2024-11-24T16:33:48.748+0100][3.249s] GC(4)   Pre Evacuate Collection Set: 0.4ms
[2024-11-24T16:33:48.748+0100][3.249s] GC(4)   Merge Heap Roots: 0.1ms
[2024-11-24T16:33:48.748+0100][3.249s] GC(4)   Evacuate Collection Set: 6.7ms
[2024-11-24T16:33:48.748+0100][3.249s] GC(4)   Post Evacuate Collection Set: 1.3ms
[2024-11-24T16:33:48.748+0100][3.249s] GC(4)   Other: 0.2ms
[2024-11-24T16:33:48.748+0100][3.249s] GC(4) Eden regions: 76->0(271)
[2024-11-24T16:33:48.748+0100][3.249s] GC(4) Survivor regions: 13->17(39)
[2024-11-24T16:33:48.748+0100][3.249s] GC(4) Old regions: 9->9
[2024-11-24T16:33:48.748+0100][3.249s] GC(4) Humongous regions: 4->4
[2024-11-24T16:33:48.748+0100][3.249s] GC(4) Metaspace: 35447K(35968K)->35447K(35968K) NonClass: 31480K(31744K)->31480K(31744K) Class: 3966K(4224K)->3966K(4224K)
[2024-11-24T16:33:48.748+0100][3.250s] GC(4) Pause Young (Prepare Mixed) (Metadata GC Threshold) 100M->28M(512M) 9.177ms
[2024-11-24T16:33:48.748+0100][3.250s] GC(4) User=0.09s Sys=0.00s Real=0.01s
[2024-11-24T16:33:48.768+0100][3.270s] GC(5) Pause Young (Mixed) (Metadata GC Threshold)
[2024-11-24T16:33:48.768+0100][3.270s] GC(5) Using 15 workers of 15 for evacuation
[2024-11-24T16:33:48.775+0100][3.276s] GC(5)   Pre Evacuate Collection Set: 0.4ms
[2024-11-24T16:33:48.775+0100][3.276s] GC(5)   Merge Heap Roots: 0.2ms
[2024-11-24T16:33:48.775+0100][3.276s] GC(5)   Evacuate Collection Set: 4.8ms
[2024-11-24T16:33:48.775+0100][3.276s] GC(5)   Post Evacuate Collection Set: 0.9ms
[2024-11-24T16:33:48.775+0100][3.276s] GC(5)   Other: 0.1ms
[2024-11-24T16:33:48.775+0100][3.276s] GC(5) Eden regions: 3->0(254)
[2024-11-24T16:33:48.775+0100][3.276s] GC(5) Survivor regions: 17->16(38)
[2024-11-24T16:33:48.775+0100][3.276s] GC(5) Old regions: 9->8
[2024-11-24T16:33:48.775+0100][3.277s] GC(5) Humongous regions: 4->4
[2024-11-24T16:33:48.775+0100][3.277s] GC(5) Metaspace: 35693K(36288K)->35693K(36288K) NonClass: 31686K(32000K)->31686K(32000K) Class: 4006K(4288K)->4006K(4288K)
[2024-11-24T16:33:48.775+0100][3.277s] GC(5) Pause Young (Mixed) (Metadata GC Threshold) 30M->27M(512M) 6.758ms
[2024-11-24T16:33:48.775+0100][3.277s] GC(5) User=0.06s Sys=0.01s Real=0.00s
[2024-11-24T16:33:48.802+0100][3.304s] GC(6) Pause Young (Concurrent Start) (Metadata GC Threshold)
[2024-11-24T16:33:48.802+0100][3.304s] GC(6) Using 15 workers of 15 for evacuation
[2024-11-24T16:33:48.810+0100][3.311s] GC(6)   Pre Evacuate Collection Set: 0.5ms
[2024-11-24T16:33:48.810+0100][3.311s] GC(6)   Merge Heap Roots: 0.2ms
[2024-11-24T16:33:48.810+0100][3.311s] GC(6)   Evacuate Collection Set: 5.1ms
[2024-11-24T16:33:48.810+0100][3.311s] GC(6)   Post Evacuate Collection Set: 1.5ms
[2024-11-24T16:33:48.810+0100][3.311s] GC(6)   Other: 0.3ms
[2024-11-24T16:33:48.810+0100][3.311s] GC(6) Eden regions: 2->0(291)
[2024-11-24T16:33:48.810+0100][3.311s] GC(6) Survivor regions: 16->16(35)
[2024-11-24T16:33:48.810+0100][3.311s] GC(6) Old regions: 8->8
[2024-11-24T16:33:48.810+0100][3.311s] GC(6) Humongous regions: 4->4
[2024-11-24T16:33:48.810+0100][3.311s] GC(6) Metaspace: 36069K(36608K)->36069K(36608K) NonClass: 32011K(32320K)->32011K(32320K) Class: 4057K(4288K)->4057K(4288K)
[2024-11-24T16:33:48.810+0100][3.312s] GC(6) Pause Young (Concurrent Start) (Metadata GC Threshold) 29M->27M(512M) 7.973ms
[2024-11-24T16:33:48.810+0100][3.312s] GC(6) User=0.08s Sys=0.01s Real=0.01s
[2024-11-24T16:33:48.810+0100][3.312s] GC(7) Concurrent Mark Cycle
[2024-11-24T16:33:48.810+0100][3.312s] GC(7) Concurrent Scan Root Regions
[2024-11-24T16:33:48.817+0100][3.318s] GC(7) Concurrent Scan Root Regions 6.353ms
[2024-11-24T16:33:48.817+0100][3.318s] GC(7) Concurrent Mark
[2024-11-24T16:33:48.817+0100][3.318s] GC(7) Concurrent Mark From Roots
[2024-11-24T16:33:48.817+0100][3.318s] GC(7) Using 4 workers of 4 for marking
[2024-11-24T16:33:48.823+0100][3.324s] GC(7) Concurrent Mark From Roots 5.978ms
[2024-11-24T16:33:48.823+0100][3.324s] GC(7) Concurrent Preclean
[2024-11-24T16:33:48.823+0100][3.324s] GC(7) Concurrent Preclean 0.058ms
[2024-11-24T16:33:48.823+0100][3.324s] GC(7) Pause Remark
[2024-11-24T16:33:48.827+0100][3.328s] GC(7) Pause Remark 28M->28M(512M) 3.511ms
[2024-11-24T16:33:48.827+0100][3.328s] GC(7) User=0.02s Sys=0.00s Real=0.01s
[2024-11-24T16:33:48.827+0100][3.328s] GC(7) Concurrent Mark 10.157ms
[2024-11-24T16:33:48.827+0100][3.329s] GC(7) Concurrent Rebuild Remembered Sets and Scrub Regions
[2024-11-24T16:33:48.833+0100][3.334s] GC(7) Concurrent Rebuild Remembered Sets and Scrub Regions 5.905ms
[2024-11-24T16:33:48.833+0100][3.335s] GC(7) Pause Cleanup
[2024-11-24T16:33:48.834+0100][3.335s] GC(7) Pause Cleanup 29M->29M(512M) 0.245ms
[2024-11-24T16:33:48.834+0100][3.335s] GC(7) User=0.01s Sys=0.00s Real=0.00s
[2024-11-24T16:33:48.834+0100][3.335s] GC(7) Concurrent Clear Claimed Marks
[2024-11-24T16:33:48.834+0100][3.335s] GC(7) Concurrent Clear Claimed Marks 0.142ms
[2024-11-24T16:33:48.834+0100][3.335s] GC(7) Concurrent Cleanup for Next Mark
[2024-11-24T16:33:48.834+0100][3.336s] GC(7) Concurrent Cleanup for Next Mark 0.689ms
[2024-11-24T16:33:48.834+0100][3.336s] GC(7) Concurrent Mark Cycle 24.245ms
[2024-11-24T16:33:51.400+0100][5.901s] GC(8) Pause Young (Concurrent Start) (Metadata GC Threshold)
[2024-11-24T16:33:51.400+0100][5.901s] GC(8) Using 15 workers of 15 for evacuation
[2024-11-24T16:33:51.420+0100][5.921s] GC(8)   Pre Evacuate Collection Set: 0.6ms
[2024-11-24T16:33:51.420+0100][5.921s] GC(8)   Merge Heap Roots: 0.2ms
[2024-11-24T16:33:51.420+0100][5.921s] GC(8)   Evacuate Collection Set: 16.5ms
[2024-11-24T16:33:51.420+0100][5.921s] GC(8)   Post Evacuate Collection Set: 2.6ms
[2024-11-24T16:33:51.420+0100][5.921s] GC(8)   Other: 0.2ms
[2024-11-24T16:33:51.420+0100][5.921s] GC(8) Eden regions: 195->0(272)
[2024-11-24T16:33:51.420+0100][5.921s] GC(8) Survivor regions: 16->35(39)
[2024-11-24T16:33:51.420+0100][5.921s] GC(8) Old regions: 8->8
[2024-11-24T16:33:51.420+0100][5.921s] GC(8) Humongous regions: 4->4
[2024-11-24T16:33:51.420+0100][5.921s] GC(8) Metaspace: 60571K(61376K)->60571K(61376K) NonClass: 53353K(53760K)->53353K(53760K) Class: 7217K(7616K)->7217K(7616K)
[2024-11-24T16:33:51.420+0100][5.921s] GC(8) Pause Young (Concurrent Start) (Metadata GC Threshold) 222M->46M(512M) 20.234ms
[2024-11-24T16:33:51.420+0100][5.922s] GC(8) User=0.20s Sys=0.01s Real=0.02s
[2024-11-24T16:33:51.420+0100][5.922s] GC(9) Concurrent Mark Cycle
[2024-11-24T16:33:51.420+0100][5.922s] GC(9) Concurrent Scan Root Regions
[2024-11-24T16:33:51.428+0100][5.930s] GC(9) Concurrent Scan Root Regions 8.111ms
[2024-11-24T16:33:51.428+0100][5.930s] GC(9) Concurrent Mark
[2024-11-24T16:33:51.428+0100][5.930s] GC(9) Concurrent Mark From Roots
[2024-11-24T16:33:51.428+0100][5.930s] GC(9) Using 4 workers of 4 for marking
[2024-11-24T16:33:51.434+0100][5.936s] GC(9) Concurrent Mark From Roots 5.931ms
[2024-11-24T16:33:51.434+0100][5.936s] GC(9) Concurrent Preclean
[2024-11-24T16:33:51.434+0100][5.936s] GC(9) Concurrent Preclean 0.022ms
[2024-11-24T16:33:51.434+0100][5.936s] GC(9) Pause Remark
[2024-11-24T16:33:51.439+0100][5.940s] GC(9) Pause Remark 47M->47M(512M) 4.033ms
[2024-11-24T16:33:51.439+0100][5.940s] GC(9) User=0.03s Sys=0.00s Real=0.01s
[2024-11-24T16:33:51.439+0100][5.940s] GC(9) Concurrent Mark 10.456ms
[2024-11-24T16:33:51.439+0100][5.940s] GC(9) Concurrent Rebuild Remembered Sets and Scrub Regions
[2024-11-24T16:33:51.443+0100][5.945s] GC(9) Concurrent Rebuild Remembered Sets and Scrub Regions 4.516ms
[2024-11-24T16:33:51.444+0100][5.945s] GC(9) Pause Cleanup
[2024-11-24T16:33:51.444+0100][5.946s] GC(9) Pause Cleanup 47M->47M(512M) 0.526ms
[2024-11-24T16:33:51.444+0100][5.946s] GC(9) User=0.00s Sys=0.01s Real=0.00s
[2024-11-24T16:33:51.444+0100][5.946s] GC(9) Concurrent Clear Claimed Marks
[2024-11-24T16:33:51.445+0100][5.946s] GC(9) Concurrent Clear Claimed Marks 0.155ms
[2024-11-24T16:33:51.445+0100][5.946s] GC(9) Concurrent Cleanup for Next Mark
[2024-11-24T16:33:51.446+0100][5.947s] GC(9) Concurrent Cleanup for Next Mark 0.933ms
[2024-11-24T16:33:51.446+0100][5.947s] GC(9) Concurrent Mark Cycle 25.693ms
