2024-11-25 16:03:06.210 INFO  (main) [c: s: r: x: t:] o.e.j.s.Server jetty-10.0.22; built: 2024-06-27T16:03:51.502Z; git: 5c8471e852d377fd726ad9b1692c35ffc5febb09; jvm 21.0.5+11-Ubuntu-1ubuntu124.10
2024-11-25 16:03:06.380 WARN  (main) [c: s: r: x: t:] o.e.j.u.DeprecationWarning Using @Deprecated Class org.eclipse.jetty.servlet.listener.ELContextCleaner
2024-11-25 16:03:06.396 INFO  (main) [c: s: r: x: t:] o.a.s.s.CoreContainerProvider Using logger factory org.apache.logging.slf4j.Log4jLoggerFactory
2024-11-25 16:03:06.400 INFO  (main) [c: s: r: x: t:] o.a.s.s.CoreContainerProvider  ___      _       Welcome to Apache Solr™ version 9.7.0
2024-11-25 16:03:06.400 INFO  (main) [c: s: r: x: t:] o.a.s.s.CoreContainerProvider / __| ___| |_ _   Starting in standalone mode on port 8983
2024-11-25 16:03:06.400 INFO  (main) [c: s: r: x: t:] o.a.s.s.CoreContainerProvider \__ \/ _ \ | '_|  Install dir: /home/giuliambiveri/Desktop/University/Semester 5/Information Retrieval/IR_project/backend/solr-9.7.0
2024-11-25 16:03:06.401 INFO  (main) [c: s: r: x: t:] o.a.s.s.CoreContainerProvider |___/\___/_|_|    Start time: 2024-11-25T16:03:06.401013671Z
2024-11-25 16:03:06.402 INFO  (main) [c: s: r: x: t:] o.a.s.s.CoreContainerProvider Solr started with "-XX:+CrashOnOutOfMemoryError" that will crash on any OutOfMemoryError exception. The cause of the OOME will be logged in the crash file at the following path: /home/giuliambiveri/Desktop/University/Semester 5/Information Retrieval/IR_project/backend/solr-9.7.0/server/logs/jvm_crash_316230.log
2024-11-25 16:03:06.457 INFO  (main) [c: s: r: x: t:] o.a.l.s.MemorySegmentIndexInputProvider Using MemorySegmentIndexInput and native madvise support with Java 21 or later; to disable start with -Dorg.apache.lucene.store.MMapDirectory.enableMemorySegments=false
2024-11-25 16:03:06.471 INFO  (main) [c: s: r: x: t:] o.a.l.i.v.PanamaVectorizationProvider Java vector incubator API enabled; uses preferredBitSize=256; FMA enabled
2024-11-25 16:03:06.473 INFO  (main) [c: s: r: x: t:] o.a.s.s.CoreContainerProvider Solr Home: /home/giuliambiveri/Desktop/University/Semester 5/Information Retrieval/IR_project/backend/solr-9.7.0/server/solr (source: system property: solr.solr.home)
2024-11-25 16:03:06.479 INFO  (main) [c: s: r: x: t:] o.a.s.c.SolrXmlConfig Loading solr.xml from /home/giuliambiveri/Desktop/University/Semester 5/Information Retrieval/IR_project/backend/solr-9.7.0/server/solr/solr.xml
2024-11-25 16:03:06.498 INFO  (main) [c: s: r: x: t:] o.a.s.c.SolrResourceLoader Added 1 libs to classloader, from paths: [/home/giuliambiveri/Desktop/University/Semester%205/Information%20Retrieval/IR_project/backend/solr-9.7.0/lib]
2024-11-25 16:03:06.842 INFO  (main) [c: s: r: x: t:] o.a.s.u.t.SimplePropagator Always-on trace id generation enabled.
2024-11-25 16:03:06.994 WARN  (main) [c: s: r: x: t:] o.a.s.u.StartupLoggingUtils Jetty request logging enabled. Will retain logs for last 3 days. See chapter "Configuring Logging" in reference guide for how to configure.
2024-11-25 16:03:06.995 WARN  (main) [c: s: r: x: t:] o.a.s.c.CoreContainer Not all security plugins configured!  authentication=disabled authorization=disabled.  Solr is only as secure as you make it. Consider configuring authentication/authorization before exposing Solr to users internal or external.  See https://s.apache.org/solrsecurity for more info
2024-11-25 16:03:07.080 INFO  (main) [c: s: r: x: t:] o.a.s.c.CorePropertiesLocator Found 1 core definitions underneath /home/giuliambiveri/Desktop/University/Semester 5/Information Retrieval/IR_project/backend/solr-9.7.0/server/solr
2024-11-25 16:03:07.080 INFO  (main) [c: s: r: x: t:] o.a.s.c.CorePropertiesLocator Cores are: [babysitter_core]
2024-11-25 16:03:07.095 INFO  (coreLoadExecutor-13-thread-1) [c: s: r: x:babysitter_core t:] o.a.s.c.SolrConfig Using Lucene MatchVersion: 9.11.0
2024-11-25 16:03:07.139 INFO  (coreLoadExecutor-13-thread-1) [c: s: r: x:babysitter_core t:] o.a.s.s.IndexSchema Schema name=default-config
2024-11-25 16:03:07.184 WARN  (main) [c: s: r: x: t:] o.g.j.m.i.MessagingBinders A class jakarta.activation.DataSource for a default provider MessageBodyWriter<jakarta.activation.DataSource> was not found. The provider is not available.
2024-11-25 16:03:07.256 INFO  (coreLoadExecutor-13-thread-1) [c: s: r: x:babysitter_core t:] o.a.s.s.IndexSchema Loaded schema default-config/1.7 with uniqueid field id
2024-11-25 16:03:07.256 INFO  (coreLoadExecutor-13-thread-1) [c: s: r: x:babysitter_core t:] o.a.s.c.CoreContainer Creating SolrCore 'babysitter_core' using configuration from instancedir /home/giuliambiveri/Desktop/University/Semester 5/Information Retrieval/IR_project/backend/solr-9.7.0/server/solr/babysitter_core, trusted=true
2024-11-25 16:03:07.277 INFO  (coreLoadExecutor-13-thread-1) [c: s: r: x:babysitter_core t:] o.a.s.c.SolrCore Opening new SolrCore at [/home/giuliambiveri/Desktop/University/Semester 5/Information Retrieval/IR_project/backend/solr-9.7.0/server/solr/babysitter_core], dataDir=[/home/giuliambiveri/Desktop/University/Semester 5/Information Retrieval/IR_project/backend/solr-9.7.0/server/solr/babysitter_core/data/]
2024-11-25 16:03:07.337 INFO  (main) [c: s: r: x: t:] o.a.s.j.SolrRequestAuthorizer Creating a new SolrRequestAuthorizer
2024-11-25 16:03:07.411 INFO  (main) [c: s: r: x: t:] o.e.j.s.h.ContextHandler Started o.e.j.w.WebAppContext@7726e185{solr-jetty-context.xml,/solr,file:///home/giuliambiveri/Desktop/University/Semester%205/Information%20Retrieval/IR_project/backend/solr-9.7.0/server/solr-webapp/webapp/,AVAILABLE}{/home/giuliambiveri/Desktop/University/Semester 5/Information Retrieval/IR_project/backend/solr-9.7.0/server/solr-webapp/webapp}
2024-11-25 16:03:07.415 INFO  (main) [c: s: r: x: t:] o.e.j.s.RequestLogWriter Opened /home/giuliambiveri/Desktop/University/Semester 5/Information Retrieval/IR_project/backend/solr-9.7.0/server/logs/2024_11_25.request.log
2024-11-25 16:03:07.419 INFO  (main) [c: s: r: x: t:] o.e.j.s.AbstractConnector Started ServerConnector@464649c{HTTP/1.1, (http/1.1, h2c)}{127.0.0.1:8983}
2024-11-25 16:03:07.420 INFO  (main) [c: s: r: x: t:] o.e.j.s.Server Started Server@5ae76500{STARTING}[10.0.22,sto=0] @1811ms
2024-11-25 16:03:07.530 INFO  (coreLoadExecutor-13-thread-1) [c: s: r: x:babysitter_core t:] o.a.s.j.SolrRequestAuthorizer Creating a new SolrRequestAuthorizer
2024-11-25 16:03:07.540 INFO  (coreLoadExecutor-13-thread-1) [c: s: r: x:babysitter_core t:] o.a.s.u.UpdateHandler Using UpdateLog implementation: org.apache.solr.update.UpdateLog
2024-11-25 16:03:07.540 INFO  (coreLoadExecutor-13-thread-1) [c: s: r: x:babysitter_core t:] o.a.s.u.UpdateLog Initializing UpdateLog: dataDir= defaultSyncLevel=FLUSH numRecordsToKeep=100 maxNumLogsToKeep=10 numVersionBuckets=65536
2024-11-25 16:03:07.540 INFO  (coreLoadExecutor-13-thread-1) [c: s: r: x:babysitter_core t:] o.a.s.u.CommitTracker Hard AutoCommit: if uncommitted for 15000ms; 
2024-11-25 16:03:07.541 INFO  (coreLoadExecutor-13-thread-1) [c: s: r: x:babysitter_core t:] o.a.s.u.CommitTracker Soft AutoCommit: if uncommitted for 3000ms; 
2024-11-25 16:03:07.615 INFO  (coreLoadExecutor-13-thread-1) [c: s: r: x:babysitter_core t:] o.a.s.r.ManagedResourceStorage File-based storage initialized to use dir: /home/giuliambiveri/Desktop/University/Semester 5/Information Retrieval/IR_project/backend/solr-9.7.0/server/solr/babysitter_core/conf
2024-11-25 16:03:07.624 INFO  (coreLoadExecutor-13-thread-1) [c: s: r: x:babysitter_core t:] o.a.s.s.DirectSolrSpellChecker init: {maxEdits=2, minPrefix=1, maxInspections=5, minQueryLength=4, name=default, field=_text_, classname=solr.DirectSolrSpellChecker, distanceMeasure=internal, accuracy=0.5, maxQueryFrequency=0.01}
2024-11-25 16:03:07.628 INFO  (coreLoadExecutor-13-thread-1) [c: s: r: x:babysitter_core t:] o.a.s.h.ReplicationHandler Commits will be reserved for 10000 ms
2024-11-25 16:03:07.629 INFO  (searcherExecutor-15-thread-1-processing-babysitter_core) [c: s: r: x:babysitter_core t:] o.a.s.c.QuerySenderListener QuerySenderListener done.
2024-11-25 16:03:07.629 INFO  (searcherExecutor-15-thread-1-processing-babysitter_core) [c: s: r: x:babysitter_core t:] o.a.s.h.c.SpellCheckComponent Loading spell index for spellchecker: default
2024-11-25 16:03:07.634 INFO  (searcherExecutor-15-thread-1-processing-babysitter_core) [c: s: r: x:babysitter_core t:] o.a.s.c.SolrCore Registered new searcher autowarm time: 0 ms
2024-11-25 16:03:17.440 INFO  (qtp1792384402-80-localhost-1) [c: s: r: x:babysitter_core t:localhost-1] o.a.s.c.S.Request webapp=/solr path=/select params={q=name:sara*+or+description:*sara*&start=0&rows=10&wt=json} hits=3 status=0 QTime=59
2024-11-25 16:03:17.470 INFO  (qtp1792384402-48-localhost-2) [c: s: r: x:babysitter_core t:localhost-2] o.a.s.c.S.Request webapp=/solr path=/select params={q=name:sara*+or+description:*sara*&rows=3&wt=json} hits=3 status=0 QTime=4
2024-11-25 16:03:25.826 INFO  (qtp1792384402-49-localhost-3) [c: s: r: x:babysitter_core t:localhost-3] o.a.s.c.S.Request webapp=/solr path=/select params={q=name:ciao*+or+description:*ciao*&start=0&rows=10&wt=json} hits=30 status=0 QTime=15
2024-11-25 16:03:25.838 INFO  (qtp1792384402-50-localhost-4) [c: s: r: x:babysitter_core t:localhost-4] o.a.s.c.S.Request webapp=/solr path=/select params={q=name:ciao*+or+description:*ciao*&rows=3&wt=json} hits=30 status=0 QTime=1
2024-11-25 16:03:39.195 INFO  (qtp1792384402-51-localhost-5) [c: s: r: x:babysitter_core t:localhost-5] o.a.s.c.S.Request webapp=/solr path=/select params={q=name:ciao*+or+description:*ciao*&start=0&rows=10&wt=json} hits=30 status=0 QTime=2
2024-11-25 16:03:39.204 INFO  (qtp1792384402-52-localhost-6) [c: s: r: x:babysitter_core t:localhost-6] o.a.s.c.S.Request webapp=/solr path=/select params={q=name:ciao*+or+description:*ciao*&rows=3&wt=json} hits=30 status=0 QTime=1
2024-11-25 16:05:51.841 INFO  (qtp1792384402-50-localhost-7) [c: s: r: x:babysitter_core t:localhost-7] o.a.s.c.S.Request webapp=/solr path=/select params={q=name:ciao*+or+description:*ciao*&start=0&rows=10&wt=json} hits=30 status=0 QTime=3
2024-11-25 16:05:51.849 INFO  (qtp1792384402-54-localhost-8) [c: s: r: x:babysitter_core t:localhost-8] o.a.s.c.S.Request webapp=/solr path=/select params={q=name:ciao*+or+description:*ciao*&rows=3&wt=json} hits=30 status=0 QTime=1
2024-11-25 16:06:15.968 INFO  (qtp1792384402-55-localhost-9) [c: s: r: x:babysitter_core t:localhost-9] o.a.s.c.S.Request webapp=/solr path=/select params={q=name:anna*+or+description:*anna*&start=0&rows=10&wt=json} hits=2 status=0 QTime=7
2024-11-25 16:06:15.975 INFO  (qtp1792384402-46-localhost-10) [c: s: r: x:babysitter_core t:localhost-10] o.a.s.c.S.Request webapp=/solr path=/select params={q=name:anna*+or+description:*anna*&rows=3&wt=json} hits=2 status=0 QTime=1
2024-11-25 16:06:24.627 INFO  (qtp1792384402-78-localhost-11) [c: s: r: x:babysitter_core t:localhost-11] o.a.s.c.S.Request webapp=/solr path=/select params={q=name:io*+or+description:*io*&start=0&rows=10&wt=json} hits=61 status=0 QTime=6
2024-11-25 16:06:24.634 INFO  (qtp1792384402-80-localhost-12) [c: s: r: x:babysitter_core t:localhost-12] o.a.s.c.S.Request webapp=/solr path=/select params={q=name:io*+or+description:*io*&rows=3&wt=json} hits=61 status=0 QTime=1
2024-11-25 16:06:28.025 INFO  (qtp1792384402-47-localhost-13) [c: s: r: x:babysitter_core t:localhost-13] o.a.s.c.S.Request webapp=/solr path=/select params={q=name:2*+or+description:*2*&start=0&rows=10&wt=json} hits=47 status=0 QTime=4
2024-11-25 16:06:28.032 INFO  (qtp1792384402-82-localhost-14) [c: s: r: x:babysitter_core t:localhost-14] o.a.s.c.S.Request webapp=/solr path=/select params={q=name:2*+or+description:*2*&rows=3&wt=json} hits=47 status=0 QTime=1
2024-11-25 16:06:30.284 INFO  (qtp1792384402-83-localhost-15) [c: s: r: x:babysitter_core t:localhost-15] o.a.s.c.S.Request webapp=/solr path=/select params={q=name:22*+or+description:*22*&start=0&rows=10&wt=json} hits=4 status=0 QTime=2
2024-11-25 16:06:30.290 INFO  (qtp1792384402-49-localhost-16) [c: s: r: x:babysitter_core t:localhost-16] o.a.s.c.S.Request webapp=/solr path=/select params={q=name:22*+or+description:*22*&rows=3&wt=json} hits=4 status=0 QTime=1
2024-11-25 16:08:09.305 INFO  (qtp1792384402-48-localhost-17) [c: s: r: x:babysitter_core t:localhost-17] o.a.s.c.S.Request webapp=/solr path=/select params={q=name:ciao*+or+description:*ciao*&start=0&rows=10&wt=json} hits=30 status=0 QTime=4
2024-11-25 16:08:09.315 INFO  (qtp1792384402-52-localhost-18) [c: s: r: x:babysitter_core t:localhost-18] o.a.s.c.S.Request webapp=/solr path=/select params={q=name:ciao*+or+description:*ciao*&rows=3&wt=json} hits=30 status=0 QTime=1
2024-11-25 16:11:32.686 INFO  (qtp1792384402-55-localhost-19) [c: s: r: x:babysitter_core t:localhost-19] o.a.s.c.S.Request webapp=/solr path=/select params={q=name:agdlahl*+or+description:*agdlahl*&start=0&rows=10&wt=json} hits=0 status=0 QTime=41
2024-11-25 16:11:32.700 INFO  (qtp1792384402-50-localhost-20) [c: s: r: x:babysitter_core t:localhost-20] o.a.s.c.S.Request webapp=/solr path=/select params={q=name:agdlahl*+or+description:*agdlahl*&rows=3&wt=json} hits=0 status=0 QTime=5
2024-11-25 16:12:05.831 INFO  (qtp1792384402-78-localhost-21) [c: s: r: x:babysitter_core t:localhost-21] o.a.s.c.S.Request webapp=/solr path=/select params={q=name:agdlahl*+or+description:*agdlahl*&start=0&rows=10&wt=json} hits=0 status=0 QTime=4
2024-11-25 16:12:05.843 INFO  (qtp1792384402-80-localhost-22) [c: s: r: x:babysitter_core t:localhost-22] o.a.s.c.S.Request webapp=/solr path=/select params={q=name:agdlahl*+or+description:*agdlahl*&rows=3&wt=json} hits=0 status=0 QTime=4
2024-11-25 16:12:09.692 INFO  (qtp1792384402-51-localhost-23) [c: s: r: x:babysitter_core t:localhost-23] o.a.s.c.S.Request webapp=/solr path=/select params={q=name:agdlahl*+or+description:*agdlahl*&start=0&rows=10&wt=json} hits=0 status=0 QTime=4
2024-11-25 16:12:09.706 INFO  (qtp1792384402-82-localhost-24) [c: s: r: x:babysitter_core t:localhost-24] o.a.s.c.S.Request webapp=/solr path=/select params={q=name:agdlahl*+or+description:*agdlahl*&rows=3&wt=json} hits=0 status=0 QTime=4
2024-11-25 16:12:13.200 INFO  (qtp1792384402-47-localhost-25) [c: s: r: x:babysitter_core t:localhost-25] o.a.s.c.S.Request webapp=/solr path=/select params={q=name:agdlahl*+or+description:*agdlahl*&start=0&rows=10&wt=json} hits=0 status=0 QTime=4
2024-11-25 16:12:13.211 INFO  (qtp1792384402-49-localhost-26) [c: s: r: x:babysitter_core t:localhost-26] o.a.s.c.S.Request webapp=/solr path=/select params={q=name:agdlahl*+or+description:*agdlahl*&rows=3&wt=json} hits=0 status=0 QTime=3
2024-11-25 16:12:18.376 INFO  (qtp1792384402-48-localhost-27) [c: s: r: x:babysitter_core t:localhost-27] o.a.s.c.S.Request webapp=/solr path=/select params={q=name:agdlahl*+or+description:*agdlahl*&start=0&rows=10&wt=json} hits=0 status=0 QTime=4
2024-11-25 16:12:18.391 INFO  (qtp1792384402-52-localhost-28) [c: s: r: x:babysitter_core t:localhost-28] o.a.s.c.S.Request webapp=/solr path=/select params={q=name:agdlahl*+or+description:*agdlahl*&rows=3&wt=json} hits=0 status=0 QTime=5
2024-11-25 16:13:10.238 INFO  (qtp1792384402-54-localhost-29) [c: s: r: x:babysitter_core t:localhost-29] o.a.s.c.S.Request webapp=/solr path=/select params={q=name:agdlahl*+or+description:*agdlahl*&start=0&rows=10&wt=json} hits=0 status=0 QTime=3
2024-11-25 16:13:10.248 INFO  (qtp1792384402-50-localhost-30) [c: s: r: x:babysitter_core t:localhost-30] o.a.s.c.S.Request webapp=/solr path=/select params={q=name:agdlahl*+or+description:*agdlahl*&rows=3&wt=json} hits=0 status=0 QTime=2
2024-11-25 16:28:27.202 INFO  (qtp1792384402-93-localhost-31) [c: s: r: x:babysitter_core t:localhost-31] o.a.s.c.S.Request webapp=/solr path=/select params={q=name:agdlahl*+or+description:*agdlahl*&start=0&rows=10&wt=json} hits=0 status=0 QTime=4
2024-11-25 16:28:27.215 INFO  (qtp1792384402-80-localhost-32) [c: s: r: x:babysitter_core t:localhost-32] o.a.s.c.S.Request webapp=/solr path=/select params={q=name:agdlahl*+or+description:*agdlahl*&rows=3&wt=json} hits=0 status=0 QTime=2
2024-11-25 16:31:14.550 INFO  (qtp1792384402-95-localhost-33) [c: s: r: x:babysitter_core t:localhost-33] o.a.s.c.S.Request webapp=/solr path=/select params={q=name:agdlahl*+or+description:*agdlahl*&start=0&rows=10&wt=json} hits=0 status=0 QTime=2
2024-11-25 16:31:14.561 INFO  (qtp1792384402-82-localhost-34) [c: s: r: x:babysitter_core t:localhost-34] o.a.s.c.S.Request webapp=/solr path=/select params={q=name:agdlahl*+or+description:*agdlahl*&rows=3&wt=json} hits=0 status=0 QTime=3
2024-11-25 16:31:25.818 INFO  (qtp1792384402-47-localhost-35) [c: s: r: x:babysitter_core t:localhost-35] o.a.s.c.S.Request webapp=/solr path=/select params={q=name:ciao*+or+description:*ciao*&start=0&rows=10&wt=json} hits=30 status=0 QTime=4
2024-11-25 16:31:25.847 INFO  (qtp1792384402-49-localhost-36) [c: s: r: x:babysitter_core t:localhost-36] o.a.s.c.S.Request webapp=/solr path=/select params={q=name:ciao*+or+description:*ciao*&rows=3&wt=json} hits=30 status=0 QTime=5
2024-11-25 16:31:31.311 INFO  (qtp1792384402-48-localhost-37) [c: s: r: x:babysitter_core t:localhost-37] o.a.s.c.S.Request webapp=/solr path=/select params={q=name:ciaoo*+or+description:*ciaoo*&start=0&rows=10&wt=json} hits=0 status=0 QTime=9
2024-11-25 16:31:31.325 INFO  (qtp1792384402-52-localhost-38) [c: s: r: x:babysitter_core t:localhost-38] o.a.s.c.S.Request webapp=/solr path=/select params={q=name:ciaoo*+or+description:*ciaoo*&rows=3&wt=json} hits=0 status=0 QTime=4
2024-11-25 16:31:36.848 INFO  (qtp1792384402-54-localhost-39) [c: s: r: x:babysitter_core t:localhost-39] o.a.s.c.S.Request webapp=/solr path=/select params={q=name:sara*+or+description:*sara*&start=0&rows=10&wt=json} hits=3 status=0 QTime=3
2024-11-25 16:31:36.861 INFO  (qtp1792384402-53-localhost-40) [c: s: r: x:babysitter_core t:localhost-40] o.a.s.c.S.Request webapp=/solr path=/select params={q=name:sara*+or+description:*sara*&rows=3&wt=json} hits=3 status=0 QTime=3
2024-11-25 16:32:19.702 INFO  (qtp1792384402-92-localhost-41) [c: s: r: x:babysitter_core t:localhost-41] o.a.s.c.S.Request webapp=/solr path=/select params={q=name:sara*+or+description:*sara*&start=0&rows=10&wt=json} hits=3 status=0 QTime=2
2024-11-25 16:32:19.714 INFO  (qtp1792384402-80-localhost-42) [c: s: r: x:babysitter_core t:localhost-42] o.a.s.c.S.Request webapp=/solr path=/select params={q=name:sara*+or+description:*sara*&rows=3&wt=json} hits=3 status=0 QTime=3
2024-11-25 16:32:24.631 INFO  (qtp1792384402-94-localhost-43) [c: s: r: x:babysitter_core t:localhost-43] o.a.s.c.S.Request webapp=/solr path=/select params={q=name:sraaaa*+or+description:*sraaaa*&start=0&rows=10&wt=json} hits=0 status=0 QTime=9
2024-11-25 16:32:24.646 INFO  (qtp1792384402-82-localhost-44) [c: s: r: x:babysitter_core t:localhost-44] o.a.s.c.S.Request webapp=/solr path=/select params={q=name:sraaaa*+or+description:*sraaaa*&rows=3&wt=json} hits=0 status=0 QTime=4
2024-11-25 16:32:43.335 INFO  (qtp1792384402-47-localhost-45) [c: s: r: x:babysitter_core t:localhost-45] o.a.s.c.S.Request webapp=/solr path=/select params={q=name:sraaaa*+or+description:*sraaaa*&start=0&rows=10&wt=json} hits=0 status=0 QTime=3
2024-11-25 16:32:43.348 INFO  (qtp1792384402-49-localhost-46) [c: s: r: x:babysitter_core t:localhost-46] o.a.s.c.S.Request webapp=/solr path=/select params={q=name:sraaaa*+or+description:*sraaaa*&rows=3&wt=json} hits=0 status=0 QTime=4
2024-11-25 16:32:45.075 INFO  (qtp1792384402-48-localhost-47) [c: s: r: x:babysitter_core t:localhost-47] o.a.s.c.S.Request webapp=/solr path=/select params={q=name:sraaaa*+or+description:*sraaaa*&start=0&rows=10&wt=json} hits=0 status=0 QTime=2
2024-11-25 16:32:45.084 INFO  (qtp1792384402-52-localhost-48) [c: s: r: x:babysitter_core t:localhost-48] o.a.s.c.S.Request webapp=/solr path=/select params={q=name:sraaaa*+or+description:*sraaaa*&rows=3&wt=json} hits=0 status=0 QTime=2
2024-11-25 16:33:21.572 INFO  (qtp1792384402-54-localhost-49) [c: s: r: x:babysitter_core t:localhost-49] o.a.s.c.S.Request webapp=/solr path=/select params={q=name:sraaaa*+or+description:*sraaaa*&start=0&rows=10&wt=json} hits=0 status=0 QTime=2
2024-11-25 16:33:21.583 INFO  (qtp1792384402-53-localhost-50) [c: s: r: x:babysitter_core t:localhost-50] o.a.s.c.S.Request webapp=/solr path=/select params={q=name:sraaaa*+or+description:*sraaaa*&rows=3&wt=json} hits=0 status=0 QTime=3
2024-11-25 16:33:23.837 INFO  (qtp1792384402-92-localhost-51) [c: s: r: x:babysitter_core t:localhost-51] o.a.s.c.S.Request webapp=/solr path=/select params={q=name:sraaaa*+or+description:*sraaaa*&start=0&rows=10&wt=json} hits=0 status=0 QTime=2
2024-11-25 16:33:23.846 INFO  (qtp1792384402-80-localhost-52) [c: s: r: x:babysitter_core t:localhost-52] o.a.s.c.S.Request webapp=/solr path=/select params={q=name:sraaaa*+or+description:*sraaaa*&rows=3&wt=json} hits=0 status=0 QTime=3
2024-11-25 16:33:25.201 INFO  (qtp1792384402-94-localhost-53) [c: s: r: x:babysitter_core t:localhost-53] o.a.s.c.S.Request webapp=/solr path=/select params={q=name:sraaaa*+or+description:*sraaaa*&start=0&rows=10&wt=json} hits=0 status=0 QTime=2
2024-11-25 16:33:25.208 INFO  (qtp1792384402-82-localhost-54) [c: s: r: x:babysitter_core t:localhost-54] o.a.s.c.S.Request webapp=/solr path=/select params={q=name:sraaaa*+or+description:*sraaaa*&rows=3&wt=json} hits=0 status=0 QTime=1
2024-11-25 16:33:33.563 INFO  (qtp1792384402-47-localhost-55) [c: s: r: x:babysitter_core t:localhost-55] o.a.s.c.S.Request webapp=/solr path=/select params={q=name:sraaaa*+or+description:*sraaaa*&start=0&rows=10&wt=json} hits=0 status=0 QTime=3
2024-11-25 16:33:33.574 INFO  (qtp1792384402-49-localhost-56) [c: s: r: x:babysitter_core t:localhost-56] o.a.s.c.S.Request webapp=/solr path=/select params={q=name:sraaaa*+or+description:*sraaaa*&rows=3&wt=json} hits=0 status=0 QTime=4
2024-11-25 16:33:49.070 INFO  (qtp1792384402-48-localhost-57) [c: s: r: x:babysitter_core t:localhost-57] o.a.s.c.S.Request webapp=/solr path=/select params={q=name:sraaaa*+or+description:*sraaaa*&start=0&rows=10&wt=json} hits=0 status=0 QTime=2
2024-11-25 16:33:49.078 INFO  (qtp1792384402-52-localhost-58) [c: s: r: x:babysitter_core t:localhost-58] o.a.s.c.S.Request webapp=/solr path=/select params={q=name:sraaaa*+or+description:*sraaaa*&rows=3&wt=json} hits=0 status=0 QTime=2
2024-11-25 16:34:19.316 INFO  (qtp1792384402-54-localhost-59) [c: s: r: x:babysitter_core t:localhost-59] o.a.s.c.S.Request webapp=/solr path=/select params={q=name:sraaaa*+or+description:*sraaaa*&start=0&rows=10&wt=json} hits=0 status=0 QTime=2
2024-11-25 16:34:19.325 INFO  (qtp1792384402-53-localhost-60) [c: s: r: x:babysitter_core t:localhost-60] o.a.s.c.S.Request webapp=/solr path=/select params={q=name:sraaaa*+or+description:*sraaaa*&rows=3&wt=json} hits=0 status=0 QTime=2
2024-11-25 16:34:37.242 INFO  (qtp1792384402-92-localhost-61) [c: s: r: x:babysitter_core t:localhost-61] o.a.s.c.S.Request webapp=/solr path=/select params={q=name:sraaaa*+or+description:*sraaaa*&start=0&rows=10&wt=json} hits=0 status=0 QTime=2
2024-11-25 16:34:37.251 INFO  (qtp1792384402-80-localhost-62) [c: s: r: x:babysitter_core t:localhost-62] o.a.s.c.S.Request webapp=/solr path=/select params={q=name:sraaaa*+or+description:*sraaaa*&rows=3&wt=json} hits=0 status=0 QTime=1
2024-11-25 16:34:52.127 INFO  (qtp1792384402-94-localhost-63) [c: s: r: x:babysitter_core t:localhost-63] o.a.s.c.S.Request webapp=/solr path=/select params={q=name:sraaaa*+or+description:*sraaaa*&start=0&rows=10&wt=json} hits=0 status=0 QTime=2
2024-11-25 16:34:52.141 INFO  (qtp1792384402-82-localhost-64) [c: s: r: x:babysitter_core t:localhost-64] o.a.s.c.S.Request webapp=/solr path=/select params={q=name:sraaaa*+or+description:*sraaaa*&rows=3&wt=json} hits=0 status=0 QTime=5
2024-11-25 16:34:54.200 INFO  (qtp1792384402-47-localhost-65) [c: s: r: x:babysitter_core t:localhost-65] o.a.s.c.S.Request webapp=/solr path=/select params={q=name:sara*+or+description:*sara*&start=0&rows=10&wt=json} hits=3 status=0 QTime=4
2024-11-25 16:34:54.215 INFO  (qtp1792384402-49-localhost-66) [c: s: r: x:babysitter_core t:localhost-66] o.a.s.c.S.Request webapp=/solr path=/select params={q=name:sara*+or+description:*sara*&rows=3&wt=json} hits=3 status=0 QTime=3
2024-11-25 16:34:59.895 INFO  (qtp1792384402-48-localhost-67) [c: s: r: x:babysitter_core t:localhost-67] o.a.s.c.S.Request webapp=/solr path=/select params={q=name:saraa*+or+description:*saraa*&start=0&rows=10&wt=json} hits=0 status=0 QTime=6
2024-11-25 16:34:59.905 INFO  (qtp1792384402-52-localhost-68) [c: s: r: x:babysitter_core t:localhost-68] o.a.s.c.S.Request webapp=/solr path=/select params={q=name:saraa*+or+description:*saraa*&rows=3&wt=json} hits=0 status=0 QTime=2
2024-11-25 16:36:56.567 INFO  (qtp1792384402-54-localhost-69) [c: s: r: x:babysitter_core t:localhost-69] o.a.s.c.S.Request webapp=/solr path=/select params={q=name:saraa*+or+description:*saraa*&start=0&rows=10&wt=json} hits=0 status=0 QTime=1
2024-11-25 16:36:56.575 INFO  (qtp1792384402-53-localhost-70) [c: s: r: x:babysitter_core t:localhost-70] o.a.s.c.S.Request webapp=/solr path=/select params={q=name:saraa*+or+description:*saraa*&rows=3&wt=json} hits=0 status=0 QTime=2
2024-11-25 16:37:07.630 INFO  (qtp1792384402-92-localhost-71) [c: s: r: x:babysitter_core t:localhost-71] o.a.s.c.S.Request webapp=/solr path=/select params={q=name:saraa*+or+description:*saraa*&start=0&rows=10&wt=json} hits=0 status=0 QTime=2
2024-11-25 16:37:07.637 INFO  (qtp1792384402-80-localhost-72) [c: s: r: x:babysitter_core t:localhost-72] o.a.s.c.S.Request webapp=/solr path=/select params={q=name:saraa*+or+description:*saraa*&rows=3&wt=json} hits=0 status=0 QTime=1
2024-11-25 16:37:19.095 INFO  (qtp1792384402-94-localhost-73) [c: s: r: x:babysitter_core t:localhost-73] o.a.s.c.S.Request webapp=/solr path=/select params={q=name:saraa*+or+description:*saraa*&start=0&rows=10&wt=json} hits=0 status=0 QTime=2
2024-11-25 16:37:19.104 INFO  (qtp1792384402-82-localhost-74) [c: s: r: x:babysitter_core t:localhost-74] o.a.s.c.S.Request webapp=/solr path=/select params={q=name:saraa*+or+description:*saraa*&rows=3&wt=json} hits=0 status=0 QTime=2
2024-11-25 16:37:39.195 INFO  (qtp1792384402-47-localhost-75) [c: s: r: x:babysitter_core t:localhost-75] o.a.s.c.S.Request webapp=/solr path=/select params={q=name:saraa*+or+description:*saraa*&start=0&rows=10&wt=json} hits=0 status=0 QTime=2
2024-11-25 16:37:39.206 INFO  (qtp1792384402-49-localhost-76) [c: s: r: x:babysitter_core t:localhost-76] o.a.s.c.S.Request webapp=/solr path=/select params={q=name:saraa*+or+description:*saraa*&rows=3&wt=json} hits=0 status=0 QTime=2
2024-11-25 16:37:49.145 INFO  (qtp1792384402-48-localhost-77) [c: s: r: x:babysitter_core t:localhost-77] o.a.s.c.S.Request webapp=/solr path=/select params={q=name:saraa*+or+description:*saraa*&start=0&rows=10&wt=json} hits=0 status=0 QTime=2
2024-11-25 16:37:49.154 INFO  (qtp1792384402-52-localhost-78) [c: s: r: x:babysitter_core t:localhost-78] o.a.s.c.S.Request webapp=/solr path=/select params={q=name:saraa*+or+description:*saraa*&rows=3&wt=json} hits=0 status=0 QTime=2
2024-11-25 16:38:02.019 INFO  (qtp1792384402-54-localhost-79) [c: s: r: x:babysitter_core t:localhost-79] o.a.s.c.S.Request webapp=/solr path=/select params={q=name:saraa*+or+description:*saraa*&start=0&rows=10&wt=json} hits=0 status=0 QTime=1
2024-11-25 16:38:02.027 INFO  (qtp1792384402-53-localhost-80) [c: s: r: x:babysitter_core t:localhost-80] o.a.s.c.S.Request webapp=/solr path=/select params={q=name:saraa*+or+description:*saraa*&rows=3&wt=json} hits=0 status=0 QTime=1
2024-11-25 16:38:15.006 INFO  (qtp1792384402-92-localhost-81) [c: s: r: x:babysitter_core t:localhost-81] o.a.s.c.S.Request webapp=/solr path=/select params={q=name:saraa*+or+description:*saraa*&start=0&rows=10&wt=json} hits=0 status=0 QTime=3
2024-11-25 16:38:15.016 INFO  (qtp1792384402-80-localhost-82) [c: s: r: x:babysitter_core t:localhost-82] o.a.s.c.S.Request webapp=/solr path=/select params={q=name:saraa*+or+description:*saraa*&rows=3&wt=json} hits=0 status=0 QTime=2
2024-11-25 16:38:45.152 INFO  (qtp1792384402-94-localhost-83) [c: s: r: x:babysitter_core t:localhost-83] o.a.s.c.S.Request webapp=/solr path=/select params={q=name:saraa*+or+description:*saraa*&start=0&rows=10&wt=json} hits=0 status=0 QTime=2
2024-11-25 16:38:45.160 INFO  (qtp1792384402-82-localhost-84) [c: s: r: x:babysitter_core t:localhost-84] o.a.s.c.S.Request webapp=/solr path=/select params={q=name:saraa*+or+description:*saraa*&rows=3&wt=json} hits=0 status=0 QTime=1
2024-11-25 16:40:18.245 INFO  (qtp1792384402-47-localhost-85) [c: s: r: x:babysitter_core t:localhost-85] o.a.s.c.S.Request webapp=/solr path=/select params={q=name:saraa*+or+description:*saraa*&start=0&rows=10&wt=json} hits=0 status=0 QTime=1
2024-11-25 16:40:18.251 INFO  (qtp1792384402-49-localhost-86) [c: s: r: x:babysitter_core t:localhost-86] o.a.s.c.S.Request webapp=/solr path=/select params={q=name:saraa*+or+description:*saraa*&rows=3&wt=json} hits=0 status=0 QTime=1
2024-11-25 16:40:30.335 INFO  (qtp1792384402-48-localhost-87) [c: s: r: x:babysitter_core t:localhost-87] o.a.s.c.S.Request webapp=/solr path=/select params={q=name:saraa*+or+description:*saraa*&start=0&rows=10&wt=json} hits=0 status=0 QTime=3
2024-11-25 16:40:30.346 INFO  (qtp1792384402-52-localhost-88) [c: s: r: x:babysitter_core t:localhost-88] o.a.s.c.S.Request webapp=/solr path=/select params={q=name:saraa*+or+description:*saraa*&rows=3&wt=json} hits=0 status=0 QTime=3
2024-11-25 16:40:59.791 INFO  (qtp1792384402-54-localhost-89) [c: s: r: x:babysitter_core t:localhost-89] o.a.s.c.S.Request webapp=/solr path=/select params={q=name:saraa*+or+description:*saraa*&start=0&rows=10&wt=json} hits=0 status=0 QTime=3
2024-11-25 16:40:59.800 INFO  (qtp1792384402-53-localhost-90) [c: s: r: x:babysitter_core t:localhost-90] o.a.s.c.S.Request webapp=/solr path=/select params={q=name:saraa*+or+description:*saraa*&rows=3&wt=json} hits=0 status=0 QTime=2
2024-11-25 16:41:06.981 INFO  (qtp1792384402-92-localhost-91) [c: s: r: x:babysitter_core t:localhost-91] o.a.s.c.S.Request webapp=/solr path=/select params={q=name:saraa*+or+description:*saraa*&start=0&rows=10&wt=json} hits=0 status=0 QTime=3
2024-11-25 16:41:06.992 INFO  (qtp1792384402-80-localhost-92) [c: s: r: x:babysitter_core t:localhost-92] o.a.s.c.S.Request webapp=/solr path=/select params={q=name:saraa*+or+description:*saraa*&rows=3&wt=json} hits=0 status=0 QTime=3
2024-11-25 16:41:16.474 INFO  (qtp1792384402-94-localhost-93) [c: s: r: x:babysitter_core t:localhost-93] o.a.s.c.S.Request webapp=/solr path=/select params={q=name:saraa*+or+description:*saraa*&start=0&rows=10&wt=json} hits=0 status=0 QTime=2
2024-11-25 16:41:16.484 INFO  (qtp1792384402-82-localhost-94) [c: s: r: x:babysitter_core t:localhost-94] o.a.s.c.S.Request webapp=/solr path=/select params={q=name:saraa*+or+description:*saraa*&rows=3&wt=json} hits=0 status=0 QTime=2
2024-11-25 16:42:44.885 INFO  (qtp1792384402-47-localhost-95) [c: s: r: x:babysitter_core t:localhost-95] o.a.s.c.S.Request webapp=/solr path=/select params={q=name:saraa*+or+description:*saraa*&start=0&rows=10&wt=json} hits=0 status=0 QTime=4
2024-11-25 16:42:44.898 INFO  (qtp1792384402-49-localhost-96) [c: s: r: x:babysitter_core t:localhost-96] o.a.s.c.S.Request webapp=/solr path=/select params={q=name:saraa*+or+description:*saraa*&rows=3&wt=json} hits=0 status=0 QTime=3
2024-11-25 16:42:54.077 INFO  (qtp1792384402-48-localhost-97) [c: s: r: x:babysitter_core t:localhost-97] o.a.s.c.S.Request webapp=/solr path=/select params={q=name:saraa*+or+description:*saraa*&start=0&rows=10&wt=json} hits=0 status=0 QTime=4
2024-11-25 16:42:54.089 INFO  (qtp1792384402-52-localhost-98) [c: s: r: x:babysitter_core t:localhost-98] o.a.s.c.S.Request webapp=/solr path=/select params={q=name:saraa*+or+description:*saraa*&rows=3&wt=json} hits=0 status=0 QTime=3
2024-11-25 16:42:59.492 INFO  (qtp1792384402-54-localhost-99) [c: s: r: x:babysitter_core t:localhost-99] o.a.s.c.S.Request webapp=/solr path=/select params={q=name:saraa*+or+description:*saraa*&start=0&rows=10&wt=json} hits=0 status=0 QTime=3
2024-11-25 16:42:59.502 INFO  (qtp1792384402-53-localhost-100) [c: s: r: x:babysitter_core t:localhost-100] o.a.s.c.S.Request webapp=/solr path=/select params={q=name:saraa*+or+description:*saraa*&rows=3&wt=json} hits=0 status=0 QTime=2
2024-11-25 16:43:29.081 INFO  (qtp1792384402-92-localhost-101) [c: s: r: x:babysitter_core t:localhost-101] o.a.s.c.S.Request webapp=/solr path=/select params={q=name:saraa*+or+description:*saraa*&start=0&rows=10&wt=json} hits=0 status=0 QTime=2
2024-11-25 16:43:29.091 INFO  (qtp1792384402-80-localhost-102) [c: s: r: x:babysitter_core t:localhost-102] o.a.s.c.S.Request webapp=/solr path=/select params={q=name:saraa*+or+description:*saraa*&rows=3&wt=json} hits=0 status=0 QTime=2
2024-11-25 16:43:39.885 INFO  (qtp1792384402-94-localhost-103) [c: s: r: x:babysitter_core t:localhost-103] o.a.s.c.S.Request webapp=/solr path=/select params={q=name:saraa*+or+description:*saraa*&start=0&rows=10&wt=json} hits=0 status=0 QTime=3
2024-11-25 16:43:39.896 INFO  (qtp1792384402-82-localhost-104) [c: s: r: x:babysitter_core t:localhost-104] o.a.s.c.S.Request webapp=/solr path=/select params={q=name:saraa*+or+description:*saraa*&rows=3&wt=json} hits=0 status=0 QTime=3
2024-11-25 16:43:53.665 INFO  (qtp1792384402-47-localhost-105) [c: s: r: x:babysitter_core t:localhost-105] o.a.s.c.S.Request webapp=/solr path=/select params={q=name:saraa*+or+description:*saraa*&start=0&rows=10&wt=json} hits=0 status=0 QTime=3
2024-11-25 16:43:53.677 INFO  (qtp1792384402-49-localhost-106) [c: s: r: x:babysitter_core t:localhost-106] o.a.s.c.S.Request webapp=/solr path=/select params={q=name:saraa*+or+description:*saraa*&rows=3&wt=json} hits=0 status=0 QTime=3
2024-11-25 16:44:35.649 INFO  (qtp1792384402-48-localhost-107) [c: s: r: x:babysitter_core t:localhost-107] o.a.s.c.S.Request webapp=/solr path=/select params={q=name:saraa*+or+description:*saraa*&start=0&rows=10&wt=json} hits=0 status=0 QTime=1
2024-11-25 16:44:35.656 INFO  (qtp1792384402-52-localhost-108) [c: s: r: x:babysitter_core t:localhost-108] o.a.s.c.S.Request webapp=/solr path=/select params={q=name:saraa*+or+description:*saraa*&rows=3&wt=json} hits=0 status=0 QTime=2
2024-11-25 16:44:38.174 INFO  (qtp1792384402-54-localhost-109) [c: s: r: x:babysitter_core t:localhost-109] o.a.s.c.S.Request webapp=/solr path=/select params={q=name:saraa*+or+description:*saraa*&start=0&rows=10&wt=json} hits=0 status=0 QTime=2
2024-11-25 16:44:38.180 INFO  (qtp1792384402-53-localhost-110) [c: s: r: x:babysitter_core t:localhost-110] o.a.s.c.S.Request webapp=/solr path=/select params={q=name:saraa*+or+description:*saraa*&rows=3&wt=json} hits=0 status=0 QTime=1
2024-11-25 16:45:26.559 INFO  (qtp1792384402-92-localhost-111) [c: s: r: x:babysitter_core t:localhost-111] o.a.s.c.S.Request webapp=/solr path=/select params={q=name:saraa*+or+description:*saraa*&start=0&rows=10&wt=json} hits=0 status=0 QTime=1
2024-11-25 16:45:26.566 INFO  (qtp1792384402-80-localhost-112) [c: s: r: x:babysitter_core t:localhost-112] o.a.s.c.S.Request webapp=/solr path=/select params={q=name:saraa*+or+description:*saraa*&rows=3&wt=json} hits=0 status=0 QTime=2
2024-11-25 16:45:38.108 INFO  (qtp1792384402-94-localhost-113) [c: s: r: x:babysitter_core t:localhost-113] o.a.s.c.S.Request webapp=/solr path=/select params={q=name:saraa*+or+description:*saraa*&start=0&rows=10&wt=json} hits=0 status=0 QTime=1
2024-11-25 16:45:38.115 INFO  (qtp1792384402-82-localhost-114) [c: s: r: x:babysitter_core t:localhost-114] o.a.s.c.S.Request webapp=/solr path=/select params={q=name:saraa*+or+description:*saraa*&rows=3&wt=json} hits=0 status=0 QTime=2
2024-11-25 16:45:56.101 INFO  (qtp1792384402-47-localhost-115) [c: s: r: x:babysitter_core t:localhost-115] o.a.s.c.S.Request webapp=/solr path=/select params={q=name:saraa*+or+description:*saraa*&start=0&rows=10&wt=json} hits=0 status=0 QTime=2
2024-11-25 16:45:56.110 INFO  (qtp1792384402-49-localhost-116) [c: s: r: x:babysitter_core t:localhost-116] o.a.s.c.S.Request webapp=/solr path=/select params={q=name:saraa*+or+description:*saraa*&rows=3&wt=json} hits=0 status=0 QTime=2
2024-11-25 16:46:01.575 INFO  (qtp1792384402-48-localhost-117) [c: s: r: x:babysitter_core t:localhost-117] o.a.s.c.S.Request webapp=/solr path=/select params={q=name:saraa*+or+description:*saraa*&start=0&rows=10&wt=json} hits=0 status=0 QTime=2
2024-11-25 16:46:01.586 INFO  (qtp1792384402-51-localhost-118) [c: s: r: x:babysitter_core t:localhost-118] o.a.s.c.S.Request webapp=/solr path=/select params={q=name:saraa*+or+description:*saraa*&rows=3&wt=json} hits=0 status=0 QTime=3
2024-11-25 16:47:00.391 INFO  (qtp1792384402-54-localhost-119) [c: s: r: x:babysitter_core t:localhost-119] o.a.s.c.S.Request webapp=/solr path=/select params={q=name:saraa*+or+description:*saraa*&start=0&rows=10&wt=json} hits=0 status=0 QTime=3
2024-11-25 16:47:00.404 INFO  (qtp1792384402-53-localhost-120) [c: s: r: x:babysitter_core t:localhost-120] o.a.s.c.S.Request webapp=/solr path=/select params={q=name:saraa*+or+description:*saraa*&rows=3&wt=json} hits=0 status=0 QTime=3
2024-11-25 16:47:05.549 INFO  (qtp1792384402-92-localhost-121) [c: s: r: x:babysitter_core t:localhost-121] o.a.s.c.S.Request webapp=/solr path=/select params={q=name:saraa*+or+description:*saraa*&start=0&rows=10&wt=json} hits=0 status=0 QTime=2
2024-11-25 16:47:05.556 INFO  (qtp1792384402-80-localhost-122) [c: s: r: x:babysitter_core t:localhost-122] o.a.s.c.S.Request webapp=/solr path=/select params={q=name:saraa*+or+description:*saraa*&rows=3&wt=json} hits=0 status=0 QTime=1
2024-11-25 16:47:20.945 INFO  (qtp1792384402-94-localhost-123) [c: s: r: x:babysitter_core t:localhost-123] o.a.s.c.S.Request webapp=/solr path=/select params={q=name:saraa*+or+description:*saraa*&start=0&rows=10&wt=json} hits=0 status=0 QTime=2
2024-11-25 16:47:20.954 INFO  (qtp1792384402-82-localhost-124) [c: s: r: x:babysitter_core t:localhost-124] o.a.s.c.S.Request webapp=/solr path=/select params={q=name:saraa*+or+description:*saraa*&rows=3&wt=json} hits=0 status=0 QTime=2
2024-11-25 16:47:29.712 INFO  (qtp1792384402-47-localhost-125) [c: s: r: x:babysitter_core t:localhost-125] o.a.s.c.S.Request webapp=/solr path=/select params={q=name:saraa*+or+description:*saraa*&start=0&rows=10&wt=json} hits=0 status=0 QTime=1
2024-11-25 16:47:29.719 INFO  (qtp1792384402-49-localhost-126) [c: s: r: x:babysitter_core t:localhost-126] o.a.s.c.S.Request webapp=/solr path=/select params={q=name:saraa*+or+description:*saraa*&rows=3&wt=json} hits=0 status=0 QTime=2
2024-11-25 16:47:34.073 INFO  (qtp1792384402-48-localhost-127) [c: s: r: x:babysitter_core t:localhost-127] o.a.s.c.S.Request webapp=/solr path=/select params={q=name:saraa*+or+description:*saraa*&start=0&rows=10&wt=json} hits=0 status=0 QTime=2
2024-11-25 16:47:34.085 INFO  (qtp1792384402-51-localhost-128) [c: s: r: x:babysitter_core t:localhost-128] o.a.s.c.S.Request webapp=/solr path=/select params={q=name:saraa*+or+description:*saraa*&rows=3&wt=json} hits=0 status=0 QTime=4
2024-11-25 16:47:41.505 INFO  (qtp1792384402-54-localhost-129) [c: s: r: x:babysitter_core t:localhost-129] o.a.s.c.S.Request webapp=/solr path=/select params={q=name:saraa*+or+description:*saraa*&start=0&rows=10&wt=json} hits=0 status=0 QTime=3
2024-11-25 16:47:41.516 INFO  (qtp1792384402-53-localhost-130) [c: s: r: x:babysitter_core t:localhost-130] o.a.s.c.S.Request webapp=/solr path=/select params={q=name:saraa*+or+description:*saraa*&rows=3&wt=json} hits=0 status=0 QTime=3
2024-11-25 16:47:58.802 INFO  (qtp1792384402-92-localhost-131) [c: s: r: x:babysitter_core t:localhost-131] o.a.s.c.S.Request webapp=/solr path=/select params={q=name:saraa*+or+description:*saraa*&start=0&rows=10&wt=json} hits=0 status=0 QTime=2
2024-11-25 16:47:58.815 INFO  (qtp1792384402-52-localhost-132) [c: s: r: x:babysitter_core t:localhost-132] o.a.s.c.S.Request webapp=/solr path=/select params={q=name:saraa*+or+description:*saraa*&rows=3&wt=json} hits=0 status=0 QTime=2
2024-11-25 16:49:35.077 INFO  (qtp1792384402-94-localhost-133) [c: s: r: x:babysitter_core t:localhost-133] o.a.s.c.S.Request webapp=/solr path=/select params={q=name:saraa*+or+description:*saraa*&start=0&rows=10&wt=json} hits=0 status=0 QTime=2
2024-11-25 16:49:35.087 INFO  (qtp1792384402-82-localhost-134) [c: s: r: x:babysitter_core t:localhost-134] o.a.s.c.S.Request webapp=/solr path=/select params={q=name:saraa*+or+description:*saraa*&rows=3&wt=json} hits=0 status=0 QTime=2
2024-11-25 16:50:49.409 INFO  (qtp1792384402-47-localhost-135) [c: s: r: x:babysitter_core t:localhost-135] o.a.s.c.S.Request webapp=/solr path=/select params={q=name:saraa*+or+description:*saraa*&start=0&rows=10&wt=json} hits=0 status=0 QTime=4
2024-11-25 16:50:49.417 INFO  (qtp1792384402-49-localhost-136) [c: s: r: x:babysitter_core t:localhost-136] o.a.s.c.S.Request webapp=/solr path=/select params={q=name:saraa*+or+description:*saraa*&rows=3&wt=json} hits=0 status=0 QTime=1
2024-11-25 16:51:04.531 INFO  (qtp1792384402-48-localhost-137) [c: s: r: x:babysitter_core t:localhost-137] o.a.s.c.S.Request webapp=/solr path=/select params={q=name:saraa*+or+description:*saraa*&start=0&rows=10&wt=json} hits=0 status=0 QTime=2
2024-11-25 16:51:04.538 INFO  (qtp1792384402-80-localhost-138) [c: s: r: x:babysitter_core t:localhost-138] o.a.s.c.S.Request webapp=/solr path=/select params={q=name:saraa*+or+description:*saraa*&rows=3&wt=json} hits=0 status=0 QTime=1
2024-11-25 16:52:21.171 INFO  (qtp1792384402-54-localhost-139) [c: s: r: x:babysitter_core t:localhost-139] o.a.s.c.S.Request webapp=/solr path=/select params={q=name:saraa*+or+description:*saraa*&start=0&rows=10&wt=json} hits=0 status=0 QTime=2
2024-11-25 16:52:21.184 INFO  (qtp1792384402-53-localhost-140) [c: s: r: x:babysitter_core t:localhost-140] o.a.s.c.S.Request webapp=/solr path=/select params={q=name:saraa*+or+description:*saraa*&rows=3&wt=json} hits=0 status=0 QTime=2
2024-11-25 16:52:45.082 INFO  (qtp1792384402-92-localhost-141) [c: s: r: x:babysitter_core t:localhost-141] o.a.s.c.S.Request webapp=/solr path=/select params={q=name:saraa*+or+description:*saraa*&start=0&rows=10&wt=json} hits=0 status=0 QTime=2
2024-11-25 16:52:45.090 INFO  (qtp1792384402-51-localhost-142) [c: s: r: x:babysitter_core t:localhost-142] o.a.s.c.S.Request webapp=/solr path=/select params={q=name:saraa*+or+description:*saraa*&rows=3&wt=json} hits=0 status=0 QTime=1
2024-11-25 16:52:56.346 INFO  (qtp1792384402-94-localhost-143) [c: s: r: x:babysitter_core t:localhost-143] o.a.s.c.S.Request webapp=/solr path=/select params={q=name:saraa*+or+description:*saraa*&start=0&rows=10&wt=json} hits=0 status=0 QTime=1
2024-11-25 16:52:56.355 INFO  (qtp1792384402-82-localhost-144) [c: s: r: x:babysitter_core t:localhost-144] o.a.s.c.S.Request webapp=/solr path=/select params={q=name:saraa*+or+description:*saraa*&rows=3&wt=json} hits=0 status=0 QTime=2
2024-11-25 16:53:00.535 INFO  (qtp1792384402-47-localhost-145) [c: s: r: x:babysitter_core t:localhost-145] o.a.s.c.S.Request webapp=/solr path=/select params={q=name:saraa*+or+description:*saraa*&start=0&rows=10&wt=json} hits=0 status=0 QTime=2
2024-11-25 16:53:00.542 INFO  (qtp1792384402-49-localhost-146) [c: s: r: x:babysitter_core t:localhost-146] o.a.s.c.S.Request webapp=/solr path=/select params={q=name:saraa*+or+description:*saraa*&rows=3&wt=json} hits=0 status=0 QTime=1
2024-11-25 16:53:05.511 INFO  (qtp1792384402-48-localhost-147) [c: s: r: x:babysitter_core t:localhost-147] o.a.s.c.S.Request webapp=/solr path=/select params={q=name:saraa*+or+description:*saraa*&start=0&rows=10&wt=json} hits=0 status=0 QTime=3
2024-11-25 16:53:05.523 INFO  (qtp1792384402-80-localhost-148) [c: s: r: x:babysitter_core t:localhost-148] o.a.s.c.S.Request webapp=/solr path=/select params={q=name:saraa*+or+description:*saraa*&rows=3&wt=json} hits=0 status=0 QTime=3
2024-11-25 16:53:10.034 INFO  (qtp1792384402-54-localhost-149) [c: s: r: x:babysitter_core t:localhost-149] o.a.s.c.S.Request webapp=/solr path=/select params={q=name:saraa*+or+description:*saraa*&start=0&rows=10&wt=json} hits=0 status=0 QTime=2
2024-11-25 16:53:10.045 INFO  (qtp1792384402-53-localhost-150) [c: s: r: x:babysitter_core t:localhost-150] o.a.s.c.S.Request webapp=/solr path=/select params={q=name:saraa*+or+description:*saraa*&rows=3&wt=json} hits=0 status=0 QTime=2
2024-11-25 16:53:15.571 INFO  (qtp1792384402-92-localhost-151) [c: s: r: x:babysitter_core t:localhost-151] o.a.s.c.S.Request webapp=/solr path=/select params={q=name:saraa*+or+description:*saraa*&start=0&rows=10&wt=json} hits=0 status=0 QTime=2
2024-11-25 16:53:15.580 INFO  (qtp1792384402-51-localhost-152) [c: s: r: x:babysitter_core t:localhost-152] o.a.s.c.S.Request webapp=/solr path=/select params={q=name:saraa*+or+description:*saraa*&rows=3&wt=json} hits=0 status=0 QTime=2
2024-11-25 16:53:20.380 INFO  (qtp1792384402-94-localhost-153) [c: s: r: x:babysitter_core t:localhost-153] o.a.s.c.S.Request webapp=/solr path=/select params={q=name:saraa*+or+description:*saraa*&start=0&rows=10&wt=json} hits=0 status=0 QTime=2
2024-11-25 16:53:20.390 INFO  (qtp1792384402-82-localhost-154) [c: s: r: x:babysitter_core t:localhost-154] o.a.s.c.S.Request webapp=/solr path=/select params={q=name:saraa*+or+description:*saraa*&rows=3&wt=json} hits=0 status=0 QTime=2
2024-11-25 16:53:23.938 INFO  (qtp1792384402-47-localhost-155) [c: s: r: x:babysitter_core t:localhost-155] o.a.s.c.S.Request webapp=/solr path=/select params={q=name:saraa*+or+description:*saraa*&start=0&rows=10&wt=json} hits=0 status=0 QTime=3
2024-11-25 16:53:23.950 INFO  (qtp1792384402-52-localhost-156) [c: s: r: x:babysitter_core t:localhost-156] o.a.s.c.S.Request webapp=/solr path=/select params={q=name:saraa*+or+description:*saraa*&rows=3&wt=json} hits=0 status=0 QTime=3
2024-11-25 16:53:30.656 INFO  (qtp1792384402-48-localhost-157) [c: s: r: x:babysitter_core t:localhost-157] o.a.s.c.S.Request webapp=/solr path=/select params={q=name:sara*+or+description:*sara*&start=0&rows=10&wt=json} hits=3 status=0 QTime=2
2024-11-25 16:53:30.667 INFO  (qtp1792384402-80-localhost-158) [c: s: r: x:babysitter_core t:localhost-158] o.a.s.c.S.Request webapp=/solr path=/select params={q=name:sara*+or+description:*sara*&rows=3&wt=json} hits=3 status=0 QTime=2
2024-11-25 16:53:43.435 INFO  (qtp1792384402-54-localhost-159) [c: s: r: x:babysitter_core t:localhost-159] o.a.s.c.S.Request webapp=/solr path=/select params={q=name:saraa*+or+description:*saraa*&start=0&rows=10&wt=json} hits=0 status=0 QTime=2
2024-11-25 16:53:43.444 INFO  (qtp1792384402-53-localhost-160) [c: s: r: x:babysitter_core t:localhost-160] o.a.s.c.S.Request webapp=/solr path=/select params={q=name:saraa*+or+description:*saraa*&rows=3&wt=json} hits=0 status=0 QTime=2
2024-11-25 16:53:58.548 INFO  (qtp1792384402-92-localhost-161) [c: s: r: x:babysitter_core t:localhost-161] o.a.s.c.S.Request webapp=/solr path=/select params={q=name:sara*+or+description:*sara*&start=0&rows=10&wt=json} hits=3 status=0 QTime=2
2024-11-25 16:53:58.558 INFO  (qtp1792384402-49-localhost-162) [c: s: r: x:babysitter_core t:localhost-162] o.a.s.c.S.Request webapp=/solr path=/select params={q=name:sara*+or+description:*sara*&rows=3&wt=json} hits=3 status=0 QTime=2
2024-11-25 16:54:07.607 INFO  (qtp1792384402-94-localhost-163) [c: s: r: x:babysitter_core t:localhost-163] o.a.s.c.S.Request webapp=/solr path=/select params={q=name:saraa*+or+description:*saraa*&start=0&rows=10&wt=json} hits=0 status=0 QTime=2
2024-11-25 16:54:07.617 INFO  (qtp1792384402-82-localhost-164) [c: s: r: x:babysitter_core t:localhost-164] o.a.s.c.S.Request webapp=/solr path=/select params={q=name:saraa*+or+description:*saraa*&rows=3&wt=json} hits=0 status=0 QTime=2
2024-11-25 16:55:54.867 INFO  (qtp1792384402-47-localhost-165) [c: s: r: x:babysitter_core t:localhost-165] o.a.s.c.S.Request webapp=/solr path=/select params={q=name:sara*+or+description:*sara*&start=0&rows=10&wt=json} hits=3 status=0 QTime=2
2024-11-25 16:55:54.878 INFO  (qtp1792384402-52-localhost-166) [c: s: r: x:babysitter_core t:localhost-166] o.a.s.c.S.Request webapp=/solr path=/select params={q=name:sara*+or+description:*sara*&rows=3&wt=json} hits=3 status=0 QTime=2
2024-11-25 16:56:11.071 INFO  (qtp1792384402-48-localhost-167) [c: s: r: x:babysitter_core t:localhost-167] o.a.s.c.S.Request webapp=/solr path=/select params={q=name:saraa*+or+description:*saraa*&start=0&rows=10&wt=json} hits=0 status=0 QTime=1
2024-11-25 16:56:11.078 INFO  (qtp1792384402-80-localhost-168) [c: s: r: x:babysitter_core t:localhost-168] o.a.s.c.S.Request webapp=/solr path=/select params={q=name:saraa*+or+description:*saraa*&rows=3&wt=json} hits=0 status=0 QTime=1
2024-11-25 16:56:45.888 INFO  (qtp1792384402-54-localhost-169) [c: s: r: x:babysitter_core t:localhost-169] o.a.s.c.S.Request webapp=/solr path=/select params={q=name:saraa*+or+description:*saraa*&start=0&rows=10&wt=json} hits=0 status=0 QTime=2
2024-11-25 16:56:45.895 INFO  (qtp1792384402-51-localhost-170) [c: s: r: x:babysitter_core t:localhost-170] o.a.s.c.S.Request webapp=/solr path=/select params={q=name:saraa*+or+description:*saraa*&rows=3&wt=json} hits=0 status=0 QTime=1
2024-11-25 16:57:06.718 INFO  (qtp1792384402-92-localhost-171) [c: s: r: x:babysitter_core t:localhost-171] o.a.s.c.S.Request webapp=/solr path=/select params={q=name:saraa*+or+description:*saraa*&start=0&rows=10&wt=json} hits=0 status=0 QTime=3
2024-11-25 16:57:06.728 INFO  (qtp1792384402-49-localhost-172) [c: s: r: x:babysitter_core t:localhost-172] o.a.s.c.S.Request webapp=/solr path=/select params={q=name:saraa*+or+description:*saraa*&rows=3&wt=json} hits=0 status=0 QTime=2
2024-11-25 16:57:43.538 INFO  (qtp1792384402-94-localhost-173) [c: s: r: x:babysitter_core t:localhost-173] o.a.s.c.S.Request webapp=/solr path=/select params={q=name:saraa*+or+description:*saraa*&start=0&rows=10&wt=json} hits=0 status=0 QTime=2
2024-11-25 16:57:43.546 INFO  (qtp1792384402-82-localhost-174) [c: s: r: x:babysitter_core t:localhost-174] o.a.s.c.S.Request webapp=/solr path=/select params={q=name:saraa*+or+description:*saraa*&rows=3&wt=json} hits=0 status=0 QTime=2
2024-11-25 16:57:52.551 INFO  (qtp1792384402-47-localhost-175) [c: s: r: x:babysitter_core t:localhost-175] o.a.s.c.S.Request webapp=/solr path=/select params={q=name:saraa*+or+description:*saraa*&start=0&rows=10&wt=json} hits=0 status=0 QTime=2
2024-11-25 16:57:52.560 INFO  (qtp1792384402-52-localhost-176) [c: s: r: x:babysitter_core t:localhost-176] o.a.s.c.S.Request webapp=/solr path=/select params={q=name:saraa*+or+description:*saraa*&rows=3&wt=json} hits=0 status=0 QTime=2
2024-11-25 16:58:13.082 INFO  (qtp1792384402-48-localhost-177) [c: s: r: x:babysitter_core t:localhost-177] o.a.s.c.S.Request webapp=/solr path=/select params={q=name:saraa*+or+description:*saraa*&start=0&rows=10&wt=json} hits=0 status=0 QTime=1
2024-11-25 16:58:13.092 INFO  (qtp1792384402-53-localhost-178) [c: s: r: x:babysitter_core t:localhost-178] o.a.s.c.S.Request webapp=/solr path=/select params={q=name:saraa*+or+description:*saraa*&rows=3&wt=json} hits=0 status=0 QTime=1
2024-11-25 16:58:18.031 INFO  (qtp1792384402-54-localhost-179) [c: s: r: x:babysitter_core t:localhost-179] o.a.s.c.S.Request webapp=/solr path=/select params={q=name:saraa*+or+description:*saraa*&start=0&rows=10&wt=json} hits=0 status=0 QTime=3
2024-11-25 16:58:18.042 INFO  (qtp1792384402-51-localhost-180) [c: s: r: x:babysitter_core t:localhost-180] o.a.s.c.S.Request webapp=/solr path=/select params={q=name:saraa*+or+description:*saraa*&rows=3&wt=json} hits=0 status=0 QTime=2
2024-11-25 16:59:01.356 INFO  (qtp1792384402-92-localhost-181) [c: s: r: x:babysitter_core t:localhost-181] o.a.s.c.S.Request webapp=/solr path=/select params={q=name:sara*+or+description:*sara*&start=0&rows=10&wt=json} hits=3 status=0 QTime=2
2024-11-25 16:59:01.371 INFO  (qtp1792384402-49-localhost-182) [c: s: r: x:babysitter_core t:localhost-182] o.a.s.c.S.Request webapp=/solr path=/select params={q=name:sara*+or+description:*sara*&rows=3&wt=json} hits=3 status=0 QTime=2
